<?xml version="1.0" encoding="UTF-8"?>
<!-- Generated by org.testng.reporters.JUnitReportReporter -->
<testsuite skipped="0" hostname="EXPLPT401" name="cms.Testcase.AddCarriersTest" tests="3" failures="0" timestamp="2022-10-18T20:05:02 IST" time="178.780" errors="0">
  <testcase name="logintest" time="8.396" classname="cms.Testcase.AddCarriersTest"/>
  <system-out/>
  <testcase name="addcarrier" time="26.999" classname="cms.Testcase.AddCarriersTest"/>
  <system-out/>
  <testcase name="addShhipVias" time="143.385" classname="cms.Testcase.AddCarriersTest"/>
  <system-out/>
</testsuite> <!-- cms.Testcase.AddCarriersTest -->
