<?xml version="1.0" encoding="UTF-8"?>
<!-- Generated by org.testng.reporters.JUnitReportReporter -->
<testsuite skipped="0" hostname="EXPLPT401" name="cms.Testcase.LoginTest" tests="1" failures="0" timestamp="2022-10-14T16:45:53 IST" time="13.232" errors="0">
  <testcase name="logintest" time="13.232" classname="cms.Testcase.LoginTest"/>
  <system-out/>
</testsuite> <!-- cms.Testcase.LoginTest -->
