<?xml version="1.0" encoding="UTF-8"?>
<!-- Generated by org.testng.reporters.JUnitReportReporter -->
<testsuite skipped="0" hostname="EXPLPT401" name="cms.Testcase.AddCarriersTest" tests="2" failures="0" timestamp="2022-10-17T16:52:17 IST" time="15.077" errors="0">
  <testcase name="logintest" time="9.295" classname="cms.Testcase.AddCarriersTest"/>
  <system-out/>
  <testcase name="addcarrier" time="5.782" classname="cms.Testcase.AddCarriersTest"/>
  <system-out/>
</testsuite> <!-- cms.Testcase.AddCarriersTest -->
